#
# There is insufficient memory for the Java Runtime Environment to continue.
# Native memory allocation (mmap) failed to map 266338304 bytes for G1 virtual space
# Possible reasons:
#   The system is out of physical RAM or swap space
#   The process is running with CompressedOops enabled, and the Java Heap may be blocking the growth of the native heap
# Possible solutions:
#   Reduce memory load on the system
#   Increase physical memory or swap space
#   Check if swap backing store is full
#   Decrease Java heap size (-Xmx/-Xms)
#   Decrease number of Java threads
#   Decrease Java thread stack sizes (-Xss)
#   Set larger code cache with -XX:ReservedCodeCacheSize=
#   JVM is running with Zero Based Compressed Oops mode in which the Java heap is
#     placed in the first 32GB address space. The Java Heap base address is the
#     maximum limit for the native heap growth. Please use -XX:HeapBaseMinAddress
#     to set the Java Heap base and to place the Java Heap above 32GB virtual address.
# This output file may be truncated or incomplete.
#
#  Out of Memory Error (os_windows.cpp:3617), pid=15420, tid=30772
#
# JRE version:  (17.0.8+7) (build )
# Java VM: OpenJDK 64-Bit Server VM (17.0.8+7, mixed mode, sharing, tiered, compressed oops, compressed class ptrs, g1 gc, windows-amd64)
# No core dump will be written. Minidumps are not enabled by default on client versions of Windows
#

---------------  S U M M A R Y ------------

Command Line: -Dfile.encoding=x-windows-949 -Duser.country=KR -Duser.language=ko -Duser.variant com.example.final_sadaebu.FinalSadaebuApplication

Host: 11th Gen Intel(R) Core(TM) i5-1135G7 @ 2.40GHz, 8 cores, 15G,  Windows 11 , 64 bit Build 22621 (10.0.22621.3374)
Time: Tue May  7 17:39:21 2024  Windows 11 , 64 bit Build 22621 (10.0.22621.3374) elapsed time: 0.054738 seconds (0d 0h 0m 0s)

---------------  T H R E A D  ---------------

Current thread (0x0000027e694d23b0):  JavaThread "Unknown thread" [_thread_in_vm, id=30772, stack(0x000000d4b8200000,0x000000d4b8300000)]

Stack: [0x000000d4b8200000,0x000000d4b8300000]
Native frames: (J=compiled Java code, j=interpreted, Vv=VM code, C=native code)
V  [jvm.dll+0x678b0a]
V  [jvm.dll+0x835e84]
V  [jvm.dll+0x83762e]
V  [jvm.dll+0x837c93]
V  [jvm.dll+0x24746f]
V  [jvm.dll+0x675859]
V  [jvm.dll+0x66a0ea]
V  [jvm.dll+0x306c7b]
V  [jvm.dll+0x30e166]
V  [jvm.dll+0x35dd3e]
V  [jvm.dll+0x35df6f]
V  [jvm.dll+0x2ddb48]
V  [jvm.dll+0x2deab4]
V  [jvm.dll+0x807f31]
V  [jvm.dll+0x36bb21]
V  [jvm.dll+0x7e733c]
V  [jvm.dll+0x3ee4af]
V  [jvm.dll+0x3f00c1]
C  [jli.dll+0x528b]
C  [ucrtbase.dll+0x29333]
C  [KERNEL32.DLL+0x1257d]
C  [ntdll.dll+0x5aa48]


---------------  P R O C E S S  ---------------

Threads class SMR info:
_java_thread_list=0x00007ffa1f0aa018, length=0, elements={
}

Java Threads: ( => current thread )

Other Threads:
  0x0000027e6953dc20 GCTaskThread "GC Thread#0" [stack: 0x000000d4b8300000,0x000000d4b8400000] [id=31028]
  0x0000027e6954e840 ConcurrentGCThread "G1 Main Marker" [stack: 0x000000d4b8400000,0x000000d4b8500000] [id=24848]
  0x0000027e0a1403d0 ConcurrentGCThread "G1 Conc#0" [stack: 0x000000d4b8500000,0x000000d4b8600000] [id=34784]

[error occurred during error reporting (printing all threads), id 0xc0000005, EXCEPTION_ACCESS_VIOLATION (0xc0000005) at pc=0x00007ffa1e87e587]

VM state: not at safepoint (not fully initialized)

VM Mutex/Monitor currently owned by a thread:  ([mutex/lock_event])
[0x0000027e694ce920] Heap_lock - owner thread: 0x0000027e694d23b0

Heap address: 0x0000000703200000, size: 4046 MB, Compressed Oops mode: Zero based, Oop shift amount: 3

CDS archive(s) mapped at: [0x0000000000000000-0x0000000000000000-0x0000000000000000), size 0, SharedBaseAddress: 0x0000000800000000, ArchiveRelocationMode: 1.
Narrow klass base: 0x0000000000000000, Narrow klass shift: 0, Narrow klass range: 0x0

GC Precious Log:
<Empty>

Heap:
 garbage-first heap   total 0K, used 0K [0x0000000703200000, 0x0000000800000000)
  region size 2048K, 0 young (0K), 0 survivors (0K)

[error occurred during error reporting (printing heap information), id 0xc0000005, EXCEPTION_ACCESS_VIOLATION (0xc0000005) at pc=0x00007ffa1ec62699]

GC Heap History (0 events):
No events

Dll operation events (1 events):
Event: 0.036 Loaded shared library C:\Program Files\Eclipse Adoptium\jdk-17.0.8.7-hotspot\bin\java.dll

Deoptimization events (0 events):
No events

Classes unloaded (0 events):
No events

Classes redefined (0 events):
No events

Internal exceptions (0 events):
No events

VM Operations (0 events):
No events

Events (0 events):
No events


Dynamic libraries:
0x00007ff74bd10000 - 0x00007ff74bd1e000 	C:\Program Files\Eclipse Adoptium\jdk-17.0.8.7-hotspot\bin\java.exe
0x00007ffab1430000 - 0x00007ffab1646000 	C:\WINDOWS\SYSTEM32\ntdll.dll
0x00007ffab0f40000 - 0x00007ffab1004000 	C:\WINDOWS\System32\KERNEL32.DLL
0x00007ffaaec10000 - 0x00007ffaaefb7000 	C:\WINDOWS\System32\KERNELBASE.dll
0x00007ffaaefc0000 - 0x00007ffaaf0d1000 	C:\WINDOWS\System32\ucrtbase.dll
0x00007ffaa6a70000 - 0x00007ffaa6a89000 	C:\Program Files\Eclipse Adoptium\jdk-17.0.8.7-hotspot\bin\VCRUNTIME140.dll
0x00007ffa9f9d0000 - 0x00007ffa9f9e7000 	C:\Program Files\Eclipse Adoptium\jdk-17.0.8.7-hotspot\bin\jli.dll
0x00007ffab1010000 - 0x00007ffab11be000 	C:\WINDOWS\System32\USER32.dll
0x00007ffaaeb70000 - 0x00007ffaaeb96000 	C:\WINDOWS\System32\win32u.dll
0x00007ffaaf260000 - 0x00007ffaaf289000 	C:\WINDOWS\System32\GDI32.dll
0x00007ffaae960000 - 0x00007ffaaea79000 	C:\WINDOWS\System32\gdi32full.dll
0x00007ffaae8c0000 - 0x00007ffaae95a000 	C:\WINDOWS\System32\msvcp_win.dll
0x00007ffa98db0000 - 0x00007ffa99043000 	C:\WINDOWS\WinSxS\amd64_microsoft.windows.common-controls_6595b64144ccf1df_6.0.22621.3235_none_270f74e173860f98\COMCTL32.dll
0x00007ffab1340000 - 0x00007ffab13e7000 	C:\WINDOWS\System32\msvcrt.dll
0x00007ffaafe50000 - 0x00007ffaafe81000 	C:\WINDOWS\System32\IMM32.DLL
0x00000000616c0000 - 0x00000000616cc000 	C:\Program Files (x86)\360\Total Security\safemon\SafeWrapper.dll
0x00007ffab11c0000 - 0x00007ffab1272000 	C:\WINDOWS\System32\ADVAPI32.dll
0x00007ffab01a0000 - 0x00007ffab0248000 	C:\WINDOWS\System32\sechost.dll
0x00007ffaaea80000 - 0x00007ffaaeaa8000 	C:\WINDOWS\System32\bcrypt.dll
0x00007ffab0080000 - 0x00007ffab0195000 	C:\WINDOWS\System32\RPCRT4.dll
0x00007ffa852e0000 - 0x00007ffa85372000 	C:\Program Files (x86)\360\Total Security\safemon\libzdtp64.dll
0x00007ffaaf530000 - 0x00007ffaafd8c000 	C:\WINDOWS\System32\SHELL32.dll
0x00007ffab12e0000 - 0x00007ffab133e000 	C:\WINDOWS\System32\SHLWAPI.dll
0x00007ffaae1f0000 - 0x00007ffaae1fa000 	C:\WINDOWS\SYSTEM32\VERSION.dll
0x00007ffaa6b40000 - 0x00007ffaa6b4c000 	C:\Program Files\Eclipse Adoptium\jdk-17.0.8.7-hotspot\bin\vcruntime140_1.dll
0x00007ffa6a480000 - 0x00007ffa6a511000 	C:\Program Files\Eclipse Adoptium\jdk-17.0.8.7-hotspot\bin\msvcp140.dll
0x00007ffa1e590000 - 0x00007ffa1f1dc000 	C:\Program Files\Eclipse Adoptium\jdk-17.0.8.7-hotspot\bin\server\jvm.dll
0x00007ffaa6490000 - 0x00007ffaa64c4000 	C:\WINDOWS\SYSTEM32\WINMM.dll
0x00007ffa95f80000 - 0x00007ffa95f89000 	C:\WINDOWS\SYSTEM32\WSOCK32.dll
0x00007ffab0400000 - 0x00007ffab0471000 	C:\WINDOWS\System32\WS2_32.dll
0x00007ffaadf40000 - 0x00007ffaadf8d000 	C:\WINDOWS\SYSTEM32\POWRPROF.dll
0x00007ffaadf20000 - 0x00007ffaadf33000 	C:\WINDOWS\SYSTEM32\UMPDC.dll
0x00007ffaad6f0000 - 0x00007ffaad708000 	C:\WINDOWS\SYSTEM32\kernel.appcore.dll
0x00007ffaa6970000 - 0x00007ffaa697a000 	C:\Program Files\Eclipse Adoptium\jdk-17.0.8.7-hotspot\bin\jimage.dll
0x00007ffaabfa0000 - 0x00007ffaac1d3000 	C:\WINDOWS\SYSTEM32\DBGHELP.DLL
0x00007ffab0500000 - 0x00007ffab0888000 	C:\WINDOWS\System32\combase.dll
0x00007ffab0e60000 - 0x00007ffab0f37000 	C:\WINDOWS\System32\OLEAUT32.dll
0x00007ffa9f0f0000 - 0x00007ffa9f122000 	C:\WINDOWS\SYSTEM32\dbgcore.DLL
0x00007ffaaf0e0000 - 0x00007ffaaf159000 	C:\WINDOWS\System32\bcryptPrimitives.dll
0x00007ffa98990000 - 0x00007ffa989b5000 	C:\Program Files\Eclipse Adoptium\jdk-17.0.8.7-hotspot\bin\java.dll

dbghelp: loaded successfully - version: 4.0.5 - missing functions: none
symbol engine: initialized successfully - sym options: 0x614 - pdb path: .;C:\Program Files\Eclipse Adoptium\jdk-17.0.8.7-hotspot\bin;C:\WINDOWS\SYSTEM32;C:\WINDOWS\WinSxS\amd64_microsoft.windows.common-controls_6595b64144ccf1df_6.0.22621.3235_none_270f74e173860f98;C:\Program Files (x86)\360\Total Security\safemon;C:\Program Files\Eclipse Adoptium\jdk-17.0.8.7-hotspot\bin\server

VM Arguments:
jvm_args: -Dfile.encoding=x-windows-949 -Duser.country=KR -Duser.language=ko -Duser.variant 
java_command: com.example.final_sadaebu.FinalSadaebuApplication
java_class_path (initial): C:\Users\≥≤Ω√¿±\Desktop\final_sadaebu\sadaebu_BE\final_sadaebu\build\classes\java\main;C:\Users\≥≤Ω√¿±\Desktop\final_sadaebu\sadaebu_BE\final_sadaebu\build\resources\main;C:\Users\≥≤Ω√¿±\.gradle\caches\modules-2\files-2.1\org.springframework.boot\spring-boot-starter-data-jpa\3.2.2\65cf3aad09f0218b7dfab849c9b0350d0a9e0d81\spring-boot-starter-data-jpa-3.2.2.jar;C:\Users\≥≤Ω√¿±\.gradle\caches\modules-2\files-2.1\org.springframework.boot\spring-boot-starter-mustache\3.2.2\1a38859051a3b9631eda4c2f9eb4d14ee85d1845\spring-boot-starter-mustache-3.2.2.jar;C:\Users\≥≤Ω√¿±\.gradle\caches\modules-2\files-2.1\org.springframework.boot\spring-boot-starter-thymeleaf\3.2.2\d1895c9a600547d53dddfff7c57ab7838df5d65\spring-boot-starter-thymeleaf-3.2.2.jar;C:\Users\≥≤Ω√¿±\.gradle\caches\modules-2\files-2.1\org.springframework.boot\spring-boot-starter-web\3.2.2\b89d213d9f49c3e6247b2503ac7d94b0ac8260f6\spring-boot-starter-web-3.2.2.jar;C:\Users\≥≤Ω√¿±\.gradle\caches\modules-2\files-2.1\com.h2database\h2\2.2.224\7bdade27d8cd197d9b5ce9dc251f41d2edc5f7ad\h2-2.2.224.jar;C:\Users\≥≤Ω√¿±\.gradle\caches\modules-2\files-2.1\org.springframework.boot\spring-boot-starter-aop\3.2.2\f01ecef0ce5f8d5631890a0c456a88a72323b569\spring-boot-starter-aop-3.2.2.jar;C:\Users\≥≤Ω√¿±\.gradle\caches\modules-2\files-2.1\org.springframework.boot\spring-boot-starter-jdbc\3.2.2\22ffda6938dca5f584c8b1b64e4e9096e8302c1e\spring-boot-starter-jdbc-3.2.2.jar;C:\Users\≥≤Ω√¿±\.gradle\caches\modules-2\files-2.1\org.hibernate.orm\hibernate-core\6.4.1.Final\3dcefddf6609e6491d37208bcc0cab1273598cbd\hibernate-core-6.4.1.Final.jar;C:\Users\≥≤Ω√¿±\.gradle\caches\modules-2\files-2.1\org.springframework.data\spring-data-jpa\3.2.2\f91a3896c2a6139ac1da1fd8ff4350ca4b0e409e\spring-data-jpa-3.2.2.jar;C:\Users\≥≤Ω√¿±\.gradle\caches\modules-2\files-2.1\org.springframework\spring-aspects\6.1.3\c8b5dde3568dc5df6109916d8ad4866efe4e61fd\spring-aspects-6.1.3.jar;C:\Users\≥≤Ω√¿±\.gradle\caches\modules-2\files-2.1\org.sp
Launcher Type: SUN_STANDARD

[Global flags]
     intx CICompilerCount                          = 4                                         {product} {ergonomic}
     uint ConcGCThreads                            = 2                                         {product} {ergonomic}
     uint G1ConcRefinementThreads                  = 8                                         {product} {ergonomic}
   size_t G1HeapRegionSize                         = 2097152                                   {product} {ergonomic}
    uintx GCDrainStackTargetSize                   = 64                                        {product} {ergonomic}
   size_t InitialHeapSize                          = 266338304                                 {product} {ergonomic}
   size_t MarkStackSize                            = 4194304                                   {product} {ergonomic}
   size_t MaxHeapSize                              = 4242538496                                {product} {ergonomic}
   size_t MinHeapDeltaBytes                        = 2097152                                   {product} {ergonomic}
   size_t MinHeapSize                              = 8388608                                   {product} {ergonomic}
    uintx NonNMethodCodeHeapSize                   = 5839372                                {pd product} {ergonomic}
    uintx NonProfiledCodeHeapSize                  = 122909434                              {pd product} {ergonomic}
    uintx ProfiledCodeHeapSize                     = 122909434                              {pd product} {ergonomic}
    uintx ReservedCodeCacheSize                    = 251658240                              {pd product} {ergonomic}
     bool SegmentedCodeCache                       = true                                      {product} {ergonomic}
   size_t SoftMaxHeapSize                          = 4242538496                             {manageable} {ergonomic}
     bool UseCompressedClassPointers               = true                           {product lp64_product} {ergonomic}
     bool UseCompressedOops                        = true                           {product lp64_product} {ergonomic}
     bool UseG1GC                                  = true                                      {product} {ergonomic}
     bool UseLargePagesIndividualAllocation        = false                                  {pd product} {ergonomic}

Logging:
Log output configuration:
 #0: stdout all=warning uptime,level,tags
 #1: stderr all=off uptime,level,tags

Environment Variables:
JAVA_HOME=C:\Program Files\Java\jdk1.8.0_371
PATH=C:\Program Files (x86)\VMware\VMware Workstation\bin\;C:\Program Files\Common Files\Oracle\Java\javapath;C:\Program Files\Python38\Scripts\;C:\Program Files\Python38\;C:\Program Files\Eclipse Adoptium\jdk-17.0.8.7-hotspot\bin;C:\WINDOWS\system32;C:\WINDOWS;C:\WINDOWS\System32\Wbem;C:\WINDOWS\System32\WindowsPowerShell\v1.0\;C:\WINDOWS\System32\OpenSSH\;C:\Program Files\Microsoft SQL Server\150\Tools\Binn\;C:\Program Files\Java\jdk1.8.0_371\bin;C:\Program Files\Git\cmd;C:\msys64\mingw64\bin;C:\Program Files\nodejs\;C:\Users\≥≤Ω√¿±\AppData\Local\Programs\Python\Python311\Scripts\;C:\Users\≥≤Ω√¿±\AppData\Local\Programs\Python\Python311\;C:\Users\≥≤Ω√¿±\AppData\Local\Microsoft\WindowsApps;C:\Users\≥≤Ω√¿±\PyCharm 2023.2.1\bin;;C:\Users\≥≤Ω√¿±\PyCharm Community Edition 2023.2.1\bin;;C:\Users\≥≤Ω√¿±\AppData\Local\Programs\Microsoft VS Code\bin;C:\Program Files\JetBrains\PyCharm Edu 2022.1.3\bin;;C:\Program Files\JetBrains\IntelliJ IDEA 2023.3.2\bin;;C:\Users\≥≤Ω√¿±\AppData\Local\GitHubDesktop\bin;C:\Users\≥≤Ω√¿±\AppData\Roaming\npm
USERNAME=≥≤Ω√¿±
OS=Windows_NT
PROCESSOR_IDENTIFIER=Intel64 Family 6 Model 140 Stepping 1, GenuineIntel
TMP=C:\TEMP 
TEMP=C:\TEMP 



---------------  S Y S T E M  ---------------

OS:
 Windows 11 , 64 bit Build 22621 (10.0.22621.3374)
OS uptime: 4 days 7:34 hours
Hyper-V role detected

CPU: total 8 (initial active 8) (4 cores per cpu, 2 threads per core) family 6 model 140 stepping 1 microcode 0x6e, cx8, cmov, fxsr, ht, mmx, 3dnowpref, sse, sse2, sse3, ssse3, sse4.1, sse4.2, popcnt, lzcnt, tsc, tscinvbit, avx, avx2, aes, erms, clmul, bmi1, bmi2, adx, avx512f, avx512dq, avx512cd, avx512bw, avx512vl, sha, fma, vzeroupper, avx512_vpopcntdq, avx512_vpclmulqdq, avx512_vaes, avx512_vnni, clflush, clflushopt, clwb, avx512_vbmi2, avx512_vbmi, hv
Processor Information for processor 0
  Max Mhz: 2419, Current Mhz: 1209, Mhz Limit: 2419
Processor Information for processor 1
  Max Mhz: 2419, Current Mhz: 2419, Mhz Limit: 2419
Processor Information for processor 2
  Max Mhz: 2419, Current Mhz: 1209, Mhz Limit: 2419
Processor Information for processor 3
  Max Mhz: 2419, Current Mhz: 2419, Mhz Limit: 2419
Processor Information for processor 4
  Max Mhz: 2419, Current Mhz: 2419, Mhz Limit: 2419
Processor Information for processor 5
  Max Mhz: 2419, Current Mhz: 2419, Mhz Limit: 2419
Processor Information for processor 6
  Max Mhz: 2419, Current Mhz: 2419, Mhz Limit: 2419
Processor Information for processor 7
  Max Mhz: 2419, Current Mhz: 2419, Mhz Limit: 2419

Memory: 4k page, system-wide physical 16183M (2670M free)
TotalPageFile size 18077M (AvailPageFile size 191M)
current process WorkingSet (physical memory assigned to process): 13M, peak: 13M
current process commit charge ("private bytes"): 61M, peak: 315M

vm_info: OpenJDK 64-Bit Server VM (17.0.8+7) for windows-amd64 JRE (17.0.8+7), built on Jul 18 2023 21:02:32 by "admin" with MS VC++ 16.7 (VS2019)

END.
